[2026-06-30 11:36:45] [INFO] Starting NetTalk Unified Server...
[2026-06-30 11:36:45] [INFO] Server started successfully. Listening on Port: 5000
[2026-06-30 11:36:45] [INFO] Web interface available at: http://localhost:5000
[2026-06-30 11:38:44] [INFO] vedu (Web) joined the chat room.
[2026-06-30 11:40:27] [INFO] vedu left the chat room.
[2026-06-30 11:41:30] [INFO] vedu (Web) joined the chat room.
[2026-06-30 11:45:23] [INFO] vedu left the chat room.
[2026-06-30 11:53:09] [INFO] Starting NetTalk Unified Server...
[2026-06-30 11:53:09] [ERROR] Failed to start server on port 5000
java.net.BindException: Address already in use: bind
	at java.base/sun.nio.ch.Net.bind0(Native Method)
	at java.base/sun.nio.ch.Net.bind(Net.java:565)
	at java.base/sun.nio.ch.Net.bind(Net.java:554)
	at java.base/sun.nio.ch.NioSocketImpl.bind(NioSocketImpl.java:636)
	at java.base/java.net.ServerSocket.bind(ServerSocket.java:390)
	at java.base/java.net.ServerSocket.<init>(ServerSocket.java:277)
	at java.base/java.net.ServerSocket.<init>(ServerSocket.java:170)
	at server.ChatServer.start(ChatServer.java:29)
	at server.ChatServer.main(ChatServer.java:172)
[2026-06-30 11:53:09] [INFO] Shutting down Server...
[2026-06-30 11:53:09] [INFO] Shutting down Server...
[2026-06-30 11:54:50] [INFO] Starting NetTalk Unified Server...
[2026-06-30 11:54:50] [INFO] Server started successfully. Listening on Port: 5000
[2026-06-30 11:54:50] [INFO] Web interface available at: http://localhost:5000
[2026-06-30 11:55:43] [INFO] Ved (Swing) joined the chat room.
[2026-06-30 11:56:50] [INFO] Ved left the chat room.
[2026-06-30 11:57:24] [INFO] ved (Web) joined the chat room.
[2026-06-30 11:57:46] [INFO] Vedu (Swing) joined the chat room.
[2026-06-30 11:58:44] [INFO] riya (Web) joined the chat room.
[2026-06-30 12:00:41] [INFO] Vedu left the chat room.
[2026-06-30 12:02:53] [INFO] riya left the chat room.
[2026-06-30 12:03:08] [INFO] ved left the chat room.
[2026-06-30 12:04:10] [INFO] Shutting down Server...
[2026-06-30 12:16:23] [INFO] Starting NetTalk Unified Server...
[2026-06-30 12:16:24] [INFO] Server started successfully. Listening on Port: 5000
[2026-06-30 12:16:24] [INFO] Web interface available at: http://localhost:5000
[2026-06-30 12:19:12] [INFO] Inu (Web) joined the chat room.
